#
# There is insufficient memory for the Java Runtime Environment to continue.
# Native memory allocation (mmap) failed to map 352256 bytes for object start array expansion
# Possible reasons:
#   The system is out of physical RAM or swap space
#   In 32 bit mode, the process size limit was hit
# Possible solutions:
#   Reduce memory load on the system
#   Increase physical memory or swap space
#   Check if swap backing store is full
#   Use 64 bit Java on a 64 bit OS
#   Decrease Java heap size (-Xmx/-Xms)
#   Decrease number of Java threads
#   Decrease Java thread stack sizes (-Xss)
#   Set larger code cache with -XX:ReservedCodeCacheSize=
# This output file may be truncated or incomplete.
#
#  Out of Memory Error (objectStartArray.cpp:102), pid=14888, tid=0x000000000000387c
#
# JRE version:  (8.0_101-b13) (build )
# Java VM: Java HotSpot(TM) 64-Bit Server VM (25.101-b13 mixed mode windows-amd64 compressed oops)
# Failed to write core dump. Minidumps are not enabled by default on client versions of Windows
#

---------------  T H R E A D  ---------------

Current thread (0x0000000002980800):  JavaThread "Unknown thread" [_thread_in_vm, id=14460, stack(0x0000000002880000,0x0000000002980000)]

Stack: [0x0000000002880000,0x0000000002980000]
[error occurred during error reporting (printing stack bounds), id 0xc0000005]

Native frames: (J=compiled Java code, j=interpreted, Vv=VM code, C=native code)


---------------  P R O C E S S  ---------------

Java Threads: ( => current thread )

Other Threads:

=>0x0000000002980800 (exited) JavaThread "Unknown thread" [_thread_in_vm, id=14460, stack(0x0000000002880000,0x0000000002980000)]

VM state:not at safepoint (not fully initialized)

VM Mutex/Monitor currently owned by a thread: None

GC Heap History (0 events):
No events

Deoptimization events (0 events):
No events

Internal exceptions (0 events):
No events

Events (0 events):
No events


Dynamic libraries:
0x00007ff61e3a0000 - 0x00007ff61e3d7000 	D:\Program Files\Java\jdk1.8.0_101\bin\java.exe
0x00007fff28490000 - 0x00007fff28661000 	C:\WINDOWS\SYSTEM32\ntdll.dll
0x00007fff26ee0000 - 0x00007fff26f8b000 	C:\WINDOWS\System32\KERNEL32.DLL
0x00007fff25640000 - 0x00007fff2585d000 	C:\WINDOWS\System32\KERNELBASE.dll
0x00007fff25900000 - 0x00007fff259a2000 	C:\WINDOWS\System32\ADVAPI32.dll
0x00007fff25860000 - 0x00007fff258fe000 	C:\WINDOWS\System32\msvcrt.dll
0x00007fff27d80000 - 0x00007fff27dd9000 	C:\WINDOWS\System32\sechost.dll
0x00007fff27910000 - 0x00007fff27a31000 	C:\WINDOWS\System32\RPCRT4.dll
0x00007fff27de0000 - 0x00007fff27f45000 	C:\WINDOWS\System32\USER32.dll
0x00007fff24c30000 - 0x00007fff24c4e000 	C:\WINDOWS\System32\win32u.dll
0x00007fff27d40000 - 0x00007fff27d74000 	C:\WINDOWS\System32\GDI32.dll
0x00007fff24950000 - 0x00007fff24ad2000 	C:\WINDOWS\System32\gdi32full.dll
0x00007fff19aa0000 - 0x00007fff19d19000 	C:\WINDOWS\WinSxS\amd64_microsoft.windows.common-controls_6595b64144ccf1df_6.0.14393.447_none_42191651c6827bb3\COMCTL32.dll
0x00007fff280f0000 - 0x00007fff283b8000 	C:\WINDOWS\System32\combase.dll
0x00007fff25490000 - 0x00007fff25585000 	C:\WINDOWS\System32\ucrtbase.dll
0x00007fff24bc0000 - 0x00007fff24c2a000 	C:\WINDOWS\System32\bcryptPrimitives.dll
0x00007fff27430000 - 0x00007fff2745e000 	C:\WINDOWS\System32\IMM32.DLL
0x0000000054160000 - 0x0000000054232000 	D:\Program Files\Java\jdk1.8.0_101\jre\bin\msvcr100.dll
0x00000000538c0000 - 0x000000005415a000 	D:\Program Files\Java\jdk1.8.0_101\jre\bin\server\jvm.dll
0x00007fff24b90000 - 0x00007fff24bb3000 	C:\WINDOWS\System32\WINMM.dll
0x00007fff24700000 - 0x00007fff2472b000 	C:\WINDOWS\System32\WINMMBASE.dll
0x00007fff24730000 - 0x00007fff24772000 	C:\WINDOWS\System32\cfgmgr32.dll
0x00007fff16350000 - 0x00007fff16359000 	C:\WINDOWS\SYSTEM32\WSOCK32.dll
0x00007fff27d30000 - 0x00007fff27d38000 	C:\WINDOWS\System32\PSAPI.DLL
0x00007fff1f360000 - 0x00007fff1f36a000 	C:\WINDOWS\SYSTEM32\VERSION.dll
0x00007fff27030000 - 0x00007fff2709a000 	C:\WINDOWS\System32\WS2_32.dll
0x00000000538b0000 - 0x00000000538bf000 	D:\Program Files\Java\jdk1.8.0_101\jre\bin\verify.dll
0x0000000053880000 - 0x00000000538a9000 	D:\Program Files\Java\jdk1.8.0_101\jre\bin\java.dll
0x0000000053860000 - 0x0000000053876000 	D:\Program Files\Java\jdk1.8.0_101\jre\bin\zip.dll

VM Arguments:
java_command: <unknown>
java_class_path (initial): .;D:\Program Files\Java\jdk1.8.0_101\lib\dt.jar;D:\Program Files\Java\jdk1.8.0_101\lib\tools.jar;D:\Program Files\Java\jdk1.8.0_101\lib\rt.jar;
Launcher Type: SUN_STANDARD

Environment Variables:
JAVA_HOME=D:\Program Files\Java\jdk1.8.0_101
CLASSPATH=.;D:\Program Files\Java\jdk1.8.0_101\lib\dt.jar;D:\Program Files\Java\jdk1.8.0_101\lib\tools.jar;D:\Program Files\Java\jdk1.8.0_101\lib\rt.jar;
PATH=D:\Oracle\database\product\11.2.0\dbhome_1\bin;C:\Perl\site\bin;C:\Perl\bin;E:\app\Admin\product\11.2.0\dbhome_1\bin;C:\ProgramData\Oracle\Java\javapath;C:\WINDOWS\system32;C:\WINDOWS;C:\WINDOWS\System32\Wbem;C:\WINDOWS\System32\WindowsPowerShell\v1.0\;C:\Program Files (x86)\MySQL\;D:\Android\sdk\platform-tools;D:\Program Files\Java\jdk1.8.0_101\bin;D:\Program Files\Java\jdk1.8.0_101\jre\bin;D:\Program Files (x86)\nodejs\;C:\Users\Administrator\.dnx\bin;C:\Users\Administrator\AppData\Roaming\npm;d:\Program Files (x86)\DBank\ClickUp;C:\Users\Administrator\AppData\Local\Microsoft\WindowsApps
USERNAME=Admin
OS=Windows_NT
PROCESSOR_IDENTIFIER=Intel64 Family 6 Model 60 Stepping 3, GenuineIntel



---------------  S Y S T E M  ---------------

OS: Windows 10.0 , 64 bit Build 14393 (10.0.14393.0)

CPU:total 8 (4 cores per cpu, 2 threads per core) family 6 model 60 stepping 3, cmov, cx8, fxsr, mmx, sse, sse2, sse3, ssse3, sse4.1, sse4.2, popcnt, avx, avx2, aes, clmul, erms, lzcnt, ht, tsc, tscinvbit, bmi1, bmi2

Memory: 4k page, physical 16699236k(5512372k free), swap 16699236k(4476k free)

vm_info: Java HotSpot(TM) 64-Bit Server VM (25.101-b13) for windows-amd64 JRE (1.8.0_101-b13), built on Jun 22 2016 01:21:29 by "java_re" with MS VC++ 10.0 (VS2010)

time: Wed May 10 13:44:42 2017
elapsed time: 0 seconds (0d 0h 0m 0s)

